2023-05-23T05:22:07+00:00 DEBUG Tt4b_Pixel_Class::inject_view_content_event: hit injectViewContentEvent
2023-05-23T05:22:07+00:00 DEBUG Tt4b_Pixel_Class::inject_view_content_event: Missing option "access_token"
2023-05-23T05:22:11+00:00 DEBUG Tt4b_Pixel_Class::inject_add_to_cart_event: hit injectAddToCartEvent
2023-05-23T05:22:11+00:00 DEBUG Tt4b_Pixel_Class::inject_add_to_cart_event: Missing option "access_token"
2023-05-23T05:22:17+00:00 DEBUG Tt4b_Pixel_Class::inject_start_checkout: hit injectStartCheckout
2023-05-23T05:22:17+00:00 DEBUG Tt4b_Pixel_Class::inject_start_checkout: Missing option "access_token"
2023-05-23T07:12:07+00:00 DEBUG tt4b_product_sync: missing access token for tt4b_product_sync
2023-05-23T07:12:07+00:00 DEBUG tt4b_product_delete: missing access token for tt4b_product_sync
2023-05-23T07:12:07+00:00 DEBUG tt4b_product_sync: missing access token for tt4b_product_sync
2023-05-23T07:12:07+00:00 DEBUG tt4b_product_delete: missing access token for tt4b_product_sync
2023-05-23T07:12:07+00:00 DEBUG tt4b_product_sync: missing access token for tt4b_product_sync
2023-05-23T07:12:07+00:00 DEBUG tt4b_product_delete: missing access token for tt4b_product_sync
2023-05-23T07:12:07+00:00 DEBUG tt4b_product_sync: missing access token for tt4b_product_sync
2023-05-23T07:12:07+00:00 DEBUG tt4b_product_delete: missing access token for tt4b_product_sync
2023-05-23T13:35:36+00:00 DEBUG Tt4b_Pixel_Class::inject_view_content_event: hit injectViewContentEvent
2023-05-23T13:35:36+00:00 DEBUG Tt4b_Pixel_Class::inject_view_content_event: Missing option "access_token"
2023-05-23T13:35:40+00:00 DEBUG Tt4b_Pixel_Class::inject_view_content_event: hit injectViewContentEvent
2023-05-23T13:35:40+00:00 DEBUG Tt4b_Pixel_Class::inject_view_content_event: Missing option "access_token"
2023-05-23T13:35:43+00:00 DEBUG Tt4b_Pixel_Class::inject_view_content_event: hit injectViewContentEvent
2023-05-23T13:35:43+00:00 DEBUG Tt4b_Pixel_Class::inject_view_content_event: Missing option "access_token"
2023-05-23T13:35:45+00:00 DEBUG Tt4b_Pixel_Class::inject_view_content_event: hit injectViewContentEvent
2023-05-23T13:35:45+00:00 DEBUG Tt4b_Pixel_Class::inject_view_content_event: Missing option "access_token"
2023-05-23T13:35:47+00:00 DEBUG Tt4b_Pixel_Class::inject_view_content_event: hit injectViewContentEvent
2023-05-23T13:35:47+00:00 DEBUG Tt4b_Pixel_Class::inject_view_content_event: Missing option "access_token"
